<?xml version="1.0" encoding="UTF-8"?>
<testsuite name="TestSuite" time="1.56" tests="12" errors="0" skipped="10" failures="2">
  <properties>
[...]
</properties>
  <testcase name="BrowserSetup" classname="sprint_1.FabHotel_Search" time="0.779">
    <failure message="org/openqa/selenium/remote/DesiredCapabilities" type="java.lang.NoClassDefFoundError">java.lang.NoClassDefFoundError: org/openqa/selenium/remote/DesiredCapabilities
	at java.net.URLClassLoader.findClass(URLClassLoader.java:381)
	at java.lang.ClassLoader.loadClass(ClassLoader.java:424)
	at sun.misc.Launcher$AppClassLoader.loadClass(Launcher.java:338)
	at java.lang.ClassLoader.loadClass(ClassLoader.java:357)
	at sprint_1.FabHotel_Search.BrowserSetup(FabHotel_Search.java:220)
</failure>
  </testcase>
  <testcase name="BrowserSetup" classname="sprint_1.FabHotel_Search" time="0.781">
    <failure message="org/openqa/selenium/remote/DesiredCapabilities" type="java.lang.NoClassDefFoundError">java.lang.NoClassDefFoundError: org/openqa/selenium/remote/DesiredCapabilities
	at sprint_1.FabHotel_Search.BrowserSetup(FabHotel_Search.java:220)
</failure>
  </testcase>
  <testcase name="searchHotel" classname="sprint_1.FabHotel_Search" time="0">
    <skipped/>
  </testcase>
  <testcase name="searchHotel" classname="sprint_1.FabHotel_Search" time="0">
    <skipped/>
  </testcase>
  <testcase name="hotelList" classname="sprint_1.FabHotel_Search" time="0">
    <skipped/>
  </testcase>
  <testcase name="finalHotel_Book" classname="sprint_1.FabHotel_Search" time="0">
    <skipped/>
  </testcase>
  <testcase name="review_Details" classname="sprint_1.FabHotel_Search" time="0">
    <skipped/>
  </testcase>
  <testcase name="afterTest" classname="sprint_1.FabHotel_Search" time="0">
    <skipped/>
  </testcase>
  <testcase name="hotelList" classname="sprint_1.FabHotel_Search" time="0">
    <skipped/>
  </testcase>
  <testcase name="finalHotel_Book" classname="sprint_1.FabHotel_Search" time="0">
    <skipped/>
  </testcase>
  <testcase name="review_Details" classname="sprint_1.FabHotel_Search" time="0">
    <skipped/>
  </testcase>
  <testcase name="afterTest" classname="sprint_1.FabHotel_Search" time="0">
    <skipped/>
  </testcase>
</testsuite>