<?xml version="1.0" encoding="UTF-8"?>
<testng-results skipped="8" failed="0" total="8" passed="0">
  <reporter-output>
  </reporter-output>
  <suite name="Suite" duration-ms="55" started-at="2018-04-13T10:01:49Z" finished-at="2018-04-13T10:01:49Z">
    <groups>
    </groups>
    <test name="firefoxTest" duration-ms="55" started-at="2018-04-13T10:01:49Z" finished-at="2018-04-13T10:01:49Z">
      <class name="sprint_1.FabHotel_Search">
        <test-method status="FAIL" signature="BrowserSetup(java.lang.String)[pri:0, instance:sprint_1.FabHotel_Search@506e6d5e]" name="BrowserSetup" is-config="true" duration-ms="0" started-at="2018-04-13T15:31:49Z" finished-at="2018-04-13T15:31:49Z">
          <params>
            <param index="0">
              <value>
                <![CDATA[firefox]]>
              </value>
            </param>
          </params>
          <exception class="java.lang.NoClassDefFoundError">
            <message>
              <![CDATA[org/openqa/selenium/remote/DesiredCapabilities]]>
            </message>
            <full-stacktrace>
              <![CDATA[java.lang.NoClassDefFoundError: org/openqa/selenium/remote/DesiredCapabilities
	at sprint_1.FabHotel_Search.BrowserSetup(FabHotel_Search.java:220)
	at sun.reflect.NativeMethodAccessorImpl.invoke0(Native Method)
	at sun.reflect.NativeMethodAccessorImpl.invoke(NativeMethodAccessorImpl.java:62)
	at sun.reflect.DelegatingMethodAccessorImpl.invoke(DelegatingMethodAccessorImpl.java:43)
	at java.lang.reflect.Method.invoke(Method.java:498)
	at org.testng.internal.MethodInvocationHelper.invokeMethod(MethodInvocationHelper.java:80)
	at org.testng.internal.Invoker.invokeConfigurationMethod(Invoker.java:564)
	at org.testng.internal.Invoker.invokeConfigurations(Invoker.java:213)
	at org.testng.internal.Invoker.invokeConfigurations(Invoker.java:138)
	at org.testng.TestRunner.beforeRun(TestRunner.java:641)
	at org.testng.TestRunner.run(TestRunner.java:609)
	at org.testng.SuiteRunner.runTest(SuiteRunner.java:334)
	at org.testng.SuiteRunner.access$000(SuiteRunner.java:37)
	at org.testng.SuiteRunner$SuiteWorker.run(SuiteRunner.java:368)
	at org.testng.internal.thread.ThreadUtil$2.call(ThreadUtil.java:64)
	at java.util.concurrent.FutureTask.run(FutureTask.java:266)
	at java.util.concurrent.ThreadPoolExecutor.runWorker(ThreadPoolExecutor.java:1149)
	at java.util.concurrent.ThreadPoolExecutor$Worker.run(ThreadPoolExecutor.java:624)
	at java.lang.Thread.run(Thread.java:748)
Caused by: java.lang.ClassNotFoundException: org.openqa.selenium.remote.DesiredCapabilities
	at java.net.URLClassLoader.findClass(URLClassLoader.java:381)
	at java.lang.ClassLoader.loadClass(ClassLoader.java:424)
	at sun.misc.Launcher$AppClassLoader.loadClass(Launcher.java:338)
	at java.lang.ClassLoader.loadClass(ClassLoader.java:357)
	... 19 more
]]>
            </full-stacktrace>
          </exception> <!-- java.lang.NoClassDefFoundError -->
          <reporter-output>
          </reporter-output>
        </test-method> <!-- BrowserSetup -->
        <test-method status="SKIP" signature="searchHotel()[pri:0, instance:sprint_1.FabHotel_Search@506e6d5e]" name="searchHotel" duration-ms="1" started-at="2018-04-13T15:31:49Z" finished-at="2018-04-13T15:31:49Z">
          <reporter-output>
          </reporter-output>
        </test-method> <!-- searchHotel -->
        <test-method status="SKIP" signature="hotelList()[pri:0, instance:sprint_1.FabHotel_Search@506e6d5e]" name="hotelList" duration-ms="2" started-at="2018-04-13T15:31:49Z" finished-at="2018-04-13T15:31:49Z">
          <reporter-output>
          </reporter-output>
        </test-method> <!-- hotelList -->
        <test-method status="SKIP" signature="finalHotel_Book()[pri:0, instance:sprint_1.FabHotel_Search@506e6d5e]" name="finalHotel_Book" duration-ms="0" started-at="2018-04-13T15:31:49Z" finished-at="2018-04-13T15:31:49Z">
          <reporter-output>
          </reporter-output>
        </test-method> <!-- finalHotel_Book -->
        <test-method status="SKIP" signature="afterTest()[pri:0, instance:sprint_1.FabHotel_Search@506e6d5e]" name="afterTest" is-config="true" duration-ms="0" started-at="2018-04-13T15:31:49Z" finished-at="2018-04-13T15:31:49Z">
          <reporter-output>
          </reporter-output>
        </test-method> <!-- afterTest -->
        <test-method status="SKIP" signature="review_Details()[pri:0, instance:sprint_1.FabHotel_Search@506e6d5e]" name="review_Details" duration-ms="0" started-at="2018-04-13T15:31:49Z" finished-at="2018-04-13T15:31:49Z">
          <reporter-output>
          </reporter-output>
        </test-method> <!-- review_Details -->
      </class> <!-- sprint_1.FabHotel_Search -->
    </test> <!-- firefoxTest -->
    <test name="chromeTest" duration-ms="49" started-at="2018-04-13T10:01:49Z" finished-at="2018-04-13T10:01:49Z">
      <class name="sprint_1.FabHotel_Search">
        <test-method status="FAIL" signature="BrowserSetup(java.lang.String)[pri:0, instance:sprint_1.FabHotel_Search@6b71769e]" name="BrowserSetup" is-config="true" duration-ms="0" started-at="2018-04-13T15:31:49Z" finished-at="2018-04-13T15:31:49Z">
          <params>
            <param index="0">
              <value>
                <![CDATA[chrome]]>
              </value>
            </param>
          </params>
          <exception class="java.lang.NoClassDefFoundError">
            <message>
              <![CDATA[org/openqa/selenium/remote/DesiredCapabilities]]>
            </message>
            <full-stacktrace>
              <![CDATA[java.lang.NoClassDefFoundError: org/openqa/selenium/remote/DesiredCapabilities
	at sprint_1.FabHotel_Search.BrowserSetup(FabHotel_Search.java:220)
	at sun.reflect.NativeMethodAccessorImpl.invoke0(Native Method)
	at sun.reflect.NativeMethodAccessorImpl.invoke(NativeMethodAccessorImpl.java:62)
	at sun.reflect.DelegatingMethodAccessorImpl.invoke(DelegatingMethodAccessorImpl.java:43)
	at java.lang.reflect.Method.invoke(Method.java:498)
	at org.testng.internal.MethodInvocationHelper.invokeMethod(MethodInvocationHelper.java:80)
	at org.testng.internal.Invoker.invokeConfigurationMethod(Invoker.java:564)
	at org.testng.internal.Invoker.invokeConfigurations(Invoker.java:213)
	at org.testng.internal.Invoker.invokeConfigurations(Invoker.java:138)
	at org.testng.TestRunner.beforeRun(TestRunner.java:641)
	at org.testng.TestRunner.run(TestRunner.java:609)
	at org.testng.SuiteRunner.runTest(SuiteRunner.java:334)
	at org.testng.SuiteRunner.access$000(SuiteRunner.java:37)
	at org.testng.SuiteRunner$SuiteWorker.run(SuiteRunner.java:368)
	at org.testng.internal.thread.ThreadUtil$2.call(ThreadUtil.java:64)
	at java.util.concurrent.FutureTask.run(FutureTask.java:266)
	at java.util.concurrent.ThreadPoolExecutor.runWorker(ThreadPoolExecutor.java:1149)
	at java.util.concurrent.ThreadPoolExecutor$Worker.run(ThreadPoolExecutor.java:624)
	at java.lang.Thread.run(Thread.java:748)
]]>
            </full-stacktrace>
          </exception> <!-- java.lang.NoClassDefFoundError -->
          <reporter-output>
          </reporter-output>
        </test-method> <!-- BrowserSetup -->
        <test-method status="SKIP" signature="searchHotel()[pri:0, instance:sprint_1.FabHotel_Search@6b71769e]" name="searchHotel" duration-ms="1" started-at="2018-04-13T15:31:49Z" finished-at="2018-04-13T15:31:49Z">
          <reporter-output>
          </reporter-output>
        </test-method> <!-- searchHotel -->
        <test-method status="SKIP" signature="hotelList()[pri:0, instance:sprint_1.FabHotel_Search@6b71769e]" name="hotelList" duration-ms="1" started-at="2018-04-13T15:31:49Z" finished-at="2018-04-13T15:31:49Z">
          <reporter-output>
          </reporter-output>
        </test-method> <!-- hotelList -->
        <test-method status="SKIP" signature="finalHotel_Book()[pri:0, instance:sprint_1.FabHotel_Search@6b71769e]" name="finalHotel_Book" duration-ms="0" started-at="2018-04-13T15:31:49Z" finished-at="2018-04-13T15:31:49Z">
          <reporter-output>
          </reporter-output>
        </test-method> <!-- finalHotel_Book -->
        <test-method status="SKIP" signature="review_Details()[pri:0, instance:sprint_1.FabHotel_Search@6b71769e]" name="review_Details" duration-ms="0" started-at="2018-04-13T15:31:49Z" finished-at="2018-04-13T15:31:49Z">
          <reporter-output>
          </reporter-output>
        </test-method> <!-- review_Details -->
        <test-method status="SKIP" signature="afterTest()[pri:0, instance:sprint_1.FabHotel_Search@6b71769e]" name="afterTest" is-config="true" duration-ms="0" started-at="2018-04-13T15:31:49Z" finished-at="2018-04-13T15:31:49Z">
          <reporter-output>
          </reporter-output>
        </test-method> <!-- afterTest -->
      </class> <!-- sprint_1.FabHotel_Search -->
    </test> <!-- chromeTest -->
  </suite> <!-- Suite -->
</testng-results>
